{"C:\\Users\\rrhhf\\Desktop\\J\\VUE.js\\todo-list-new\\src\\App.vue": {"path":"C:\\Users\\rrhhf\\Desktop\\J\\VUE.js\\todo-list-new\\src\\App.vue","statementMap":{"0":{"start":{"line":9,"column":0},"end":{"line":9,"column":null}},"1":{"start":{"line":10,"column":0},"end":{"line":10,"column":null}},"2":{"start":{"line":11,"column":0},"end":{"line":11,"column":null}},"3":{"start":{"line":13,"column":15},"end":{"line":13,"column":null}},"4":{"start":{"line":22,"column":6},"end":{"line":22,"column":13}}},"fnMap":{"0":{"name":"(anonymous_0)","decl":{"start":{"line":21,"column":4},"end":{"line":21,"column":17}},"loc":{"start":{"line":21,"column":25},"end":{"line":23,"column":null}}}},"branchMap":{},"s":{"0":0,"1":0,"2":0,"3":0,"4":0},"f":{"0":0},"b":{}}
,"C:\\Users\\rrhhf\\Desktop\\J\\VUE.js\\todo-list-new\\src\\main.js": {"path":"C:\\Users\\rrhhf\\Desktop\\J\\VUE.js\\todo-list-new\\src\\main.js","statementMap":{"0":{"start":{"line":4,"column":0},"end":{"line":4,"column":29}}},"fnMap":{},"branchMap":{},"s":{"0":0},"f":{},"b":{},"hash":"883163b5a323c54514a5545f3ef3bee8f4ffe32d"}
,"C:\\Users\\rrhhf\\Desktop\\J\\VUE.js\\todo-list-new\\src\\components\\ToDoInput.vue": {"path":"C:\\Users\\rrhhf\\Desktop\\J\\VUE.js\\todo-list-new\\src\\components\\ToDoInput.vue","statementMap":{"0":{"start":{"line":14,"column":15},"end":{"line":14,"column":null}},"1":{"start":{"line":17,"column":4},"end":{"line":17,"column":11}},"2":{"start":{"line":23,"column":6},"end":{"line":26,"column":null}},"3":{"start":{"line":24,"column":8},"end":{"line":24,"column":13}},"4":{"start":{"line":25,"column":8},"end":{"line":25,"column":13}}},"fnMap":{"0":{"name":"(anonymous_0)","decl":{"start":{"line":16,"column":2},"end":{"line":16,"column":6}},"loc":{"start":{"line":16,"column":9},"end":{"line":20,"column":null}}},"1":{"name":"(anonymous_1)","decl":{"start":{"line":22,"column":4},"end":{"line":22,"column":11}},"loc":{"start":{"line":22,"column":14},"end":{"line":27,"column":null}}}},"branchMap":{"0":{"loc":{"start":{"line":23,"column":6},"end":{"line":26,"column":null}},"type":"if","locations":[{"start":{"line":23,"column":6},"end":{"line":26,"column":null}},{"start":{"line":23,"column":6},"end":{"line":26,"column":null}}]}},"s":{"0":1,"1":3,"2":2,"3":1,"4":1},"f":{"0":3,"1":2},"b":{"0":[1,1]}}
}
