TN:
SF:C:\Users\rrhhf\Desktop\J\VUE.js\todo-list-new\src\App.vue
FN:21,(anonymous_0)
FNF:1
FNH:0
FNDA:0,(anonymous_0)
DA:9,0
DA:10,0
DA:11,0
DA:13,0
DA:22,0
LF:5
LH:0
BRF:0
BRH:0
end_of_record
TN:
SF:C:\Users\rrhhf\Desktop\J\VUE.js\todo-list-new\src\main.js
FNF:0
FNH:0
DA:4,0
LF:1
LH:0
BRF:0
BRH:0
end_of_record
TN:
SF:C:\Users\rrhhf\Desktop\J\VUE.js\todo-list-new\src\components\ToDoInput.vue
FN:16,(anonymous_0)
FN:22,(anonymous_1)
FNF:2
FNH:2
FNDA:3,(anonymous_0)
FNDA:2,(anonymous_1)
DA:14,1
DA:17,3
DA:23,2
DA:24,1
DA:25,1
LF:5
LH:5
BRDA:23,0,0,1
BRDA:23,0,1,1
BRF:2
BRH:2
end_of_record
